#
# There is insufficient memory for the Java Runtime Environment to continue.
# Native memory allocation (malloc) failed to allocate 819216 bytes for Chunk::new
# Possible reasons:
#   The system is out of physical RAM or swap space
#   The process is running with CompressedOops enabled, and the Java Heap may be blocking the growth of the native heap
# Possible solutions:
#   Reduce memory load on the system
#   Increase physical memory or swap space
#   Check if swap backing store is full
#   Decrease Java heap size (-Xmx/-Xms)
#   Decrease number of Java threads
#   Decrease Java thread stack sizes (-Xss)
#   Set larger code cache with -XX:ReservedCodeCacheSize=
#   JVM is running with Unscaled Compressed Oops mode in which the Java heap is
#     placed in the first 4GB address space. The Java Heap base address is the
#     maximum limit for the native heap growth. Please use -XX:HeapBaseMinAddress
#     to set the Java Heap base and to place the Java Heap above 4GB virtual address.
# This output file may be truncated or incomplete.
#
#  Out of Memory Error (./src/hotspot/share/memory/arena.cpp:197), pid=18668, tid=25440
#
# JRE version: OpenJDK Runtime Environment (11.0.13) (build 11.0.13+0-b1751.21-8125866)
# Java VM: OpenJDK 64-Bit Server VM (11.0.13+0-b1751.21-8125866, mixed mode, tiered, compressed oops, g1 gc, windows-amd64)
# No core dump will be written. Minidumps are not enabled by default on client versions of Windows
#

---------------  S U M M A R Y ------------

Command Line: --add-opens=java.base/java.util=ALL-UNNAMED --add-opens=java.base/java.lang=ALL-UNNAMED --add-opens=java.base/java.lang.invoke=ALL-UNNAMED --add-opens=java.base/java.util=ALL-UNNAMED --add-opens=java.prefs/java.util.prefs=ALL-UNNAMED --add-opens=java.prefs/java.util.prefs=ALL-UNNAMED --add-opens=java.base/java.nio.charset=ALL-UNNAMED --add-opens=java.base/java.net=ALL-UNNAMED --add-opens=java.base/java.util.concurrent.atomic=ALL-UNNAMED -Xmx2048m -Dfile.encoding=UTF-8 -Duser.country=FR -Duser.language=fr -Duser.variant org.gradle.launcher.daemon.bootstrap.GradleDaemon 7.4

Host: Intel(R) Core(TM) i7-10750H CPU @ 2.60GHz, 12 cores, 15G,  Windows 10 , 64 bit Build 19041 (10.0.19041.2364)
Time: Wed Jan 11 11:13:45 2023 Paris, Madrid elapsed time: 9.631751 seconds (0d 0h 0m 9s)

---------------  T H R E A D  ---------------

Current thread (0x000001b8f0850000):  JavaThread "C2 CompilerThread0" daemon [_thread_in_native, id=25440, stack(0x000000451b700000,0x000000451b800000)]


Current CompileTask:
C2:   9631 3624       4       java.lang.PublicMethods::merge (81 bytes)

Stack: [0x000000451b700000,0x000000451b800000]
Native frames: (J=compiled Java code, j=interpreted, Vv=VM code, C=native code)
V  [jvm.dll+0x6100fa]
V  [jvm.dll+0x747090]
V  [jvm.dll+0x7486ad]
V  [jvm.dll+0x748d83]
V  [jvm.dll+0x24ab48]
V  [jvm.dll+0xc04dc]
V  [jvm.dll+0xc0a0c]
V  [jvm.dll+0x35eb5b]
V  [jvm.dll+0x32b833]
V  [jvm.dll+0x32ad2a]
V  [jvm.dll+0x2032b2]
V  [jvm.dll+0x202437]
V  [jvm.dll+0x188e01]
V  [jvm.dll+0x21106b]
V  [jvm.dll+0x20f8c1]
V  [jvm.dll+0x70de0f]
V  [jvm.dll+0x706a75]
V  [jvm.dll+0x60ed66]
C  [ucrtbase.dll+0x21bb2]
C  [KERNEL32.DLL+0x17614]
C  [ntdll.dll+0x526a1]


---------------  P R O C E S S  ---------------

Threads class SMR info:
_java_thread_list=0x000001b8f44e95d0, length=35, elements={
0x000001b8d4e9e000, 0x000001b8f07d7800, 0x000001b8f07da800, 0x000001b8f083a800,
0x000001b8f083b800, 0x000001b8f083e800, 0x000001b8f0850000, 0x000001b8f0851000,
0x000001b8f085a800, 0x000001b8f09e4000, 0x000001b8f2370800, 0x000001b8f0dcb800,
0x000001b8f3810000, 0x000001b8f3b91800, 0x000001b8f21b7800, 0x000001b8f28fa800,
0x000001b8f401e800, 0x000001b8f1fbb800, 0x000001b8f4402000, 0x000001b8f30a9000,
0x000001b8f30a8000, 0x000001b8f30a5000, 0x000001b8f30a7800, 0x000001b8f30a3800,
0x000001b8f30aa000, 0x000001b8f30a5800, 0x000001b8f30a6800, 0x000001b8f30a4000,
0x000001b8f61a9800, 0x000001b8f61aa000, 0x000001b8f61ac000, 0x000001b8f61a7800,
0x000001b8f38e2800, 0x000001b8f61ac800, 0x000001b8f61a8800
}

Java Threads: ( => current thread )
  0x000001b8d4e9e000 JavaThread "main" [_thread_blocked, id=21772, stack(0x000000451ab00000,0x000000451ac00000)]
  0x000001b8f07d7800 JavaThread "Reference Handler" daemon [_thread_blocked, id=22692, stack(0x000000451b200000,0x000000451b300000)]
  0x000001b8f07da800 JavaThread "Finalizer" daemon [_thread_blocked, id=6428, stack(0x000000451b300000,0x000000451b400000)]
  0x000001b8f083a800 JavaThread "Signal Dispatcher" daemon [_thread_blocked, id=22752, stack(0x000000451b400000,0x000000451b500000)]
  0x000001b8f083b800 JavaThread "Attach Listener" daemon [_thread_blocked, id=9340, stack(0x000000451b500000,0x000000451b600000)]
  0x000001b8f083e800 JavaThread "Service Thread" daemon [_thread_blocked, id=24960, stack(0x000000451b600000,0x000000451b700000)]
=>0x000001b8f0850000 JavaThread "C2 CompilerThread0" daemon [_thread_in_native, id=25440, stack(0x000000451b700000,0x000000451b800000)]
  0x000001b8f0851000 JavaThread "C1 CompilerThread0" daemon [_thread_blocked, id=22392, stack(0x000000451b800000,0x000000451b900000)]
  0x000001b8f085a800 JavaThread "Sweeper thread" daemon [_thread_blocked, id=20768, stack(0x000000451b900000,0x000000451ba00000)]
  0x000001b8f09e4000 JavaThread "Common-Cleaner" daemon [_thread_blocked, id=19972, stack(0x000000451ba00000,0x000000451bb00000)]
  0x000001b8f2370800 JavaThread "Daemon health stats" [_thread_blocked, id=8628, stack(0x000000451c300000,0x000000451c400000)]
  0x000001b8f0dcb800 JavaThread "Incoming local TCP Connector on port 55951" [_thread_in_native, id=22968, stack(0x000000451bc00000,0x000000451bd00000)]
  0x000001b8f3810000 JavaThread "Daemon periodic checks" [_thread_blocked, id=8524, stack(0x000000451c200000,0x000000451c300000)]
  0x000001b8f3b91800 JavaThread "Daemon" [_thread_blocked, id=18960, stack(0x000000451c400000,0x000000451c500000)]
  0x000001b8f21b7800 JavaThread "Handler for socket connection from /127.0.0.1:55951 to /127.0.0.1:55952" [_thread_in_native, id=21976, stack(0x000000451c500000,0x000000451c600000)]
  0x000001b8f28fa800 JavaThread "Cancel handler" [_thread_blocked, id=24520, stack(0x000000451c600000,0x000000451c700000)]
  0x000001b8f401e800 JavaThread "Daemon worker" [_thread_in_native, id=21804, stack(0x000000451c700000,0x000000451c800000)]
  0x000001b8f1fbb800 JavaThread "Asynchronous log dispatcher for DefaultDaemonConnection: socket connection from /127.0.0.1:55951 to /127.0.0.1:55952" [_thread_blocked, id=13708, stack(0x000000451c800000,0x000000451c900000)]
  0x000001b8f4402000 JavaThread "Stdin handler" [_thread_blocked, id=23428, stack(0x000000451c900000,0x000000451ca00000)]
  0x000001b8f30a9000 JavaThread "Daemon client event forwarder" [_thread_blocked, id=3260, stack(0x000000451ca00000,0x000000451cb00000)]
  0x000001b8f30a8000 JavaThread "Cache worker for journal cache (C:\Users\arthu\.gradle\caches\journal-1)" [_thread_blocked, id=24740, stack(0x000000451cb00000,0x000000451cc00000)]
  0x000001b8f30a5000 JavaThread "File lock request listener" [_thread_in_native, id=9724, stack(0x000000451cc00000,0x000000451cd00000)]
  0x000001b8f30a7800 JavaThread "Cache worker for file hash cache (C:\Users\arthu\.gradle\caches\7.4\fileHashes)" [_thread_blocked, id=21564, stack(0x000000451cd00000,0x000000451ce00000)]
  0x000001b8f30a3800 JavaThread "File watcher server" daemon [_thread_in_native, id=20416, stack(0x000000451d600000,0x000000451d700000)]
  0x000001b8f30aa000 JavaThread "File watcher consumer" daemon [_thread_blocked, id=19248, stack(0x000000451d700000,0x000000451d800000)]
  0x000001b8f30a5800 JavaThread "Cache worker for checksums cache (C:\Users\arthu\AndroidStudioProjects\Sensors_M2\.gradle\7.4\checksums)" [_thread_blocked, id=8420, stack(0x000000451d800000,0x000000451d900000)]
  0x000001b8f30a6800 JavaThread "Cache worker for cache directory md-rule (C:\Users\arthu\.gradle\caches\7.4\md-rule)" [_thread_blocked, id=21732, stack(0x000000451d900000,0x000000451da00000)]
  0x000001b8f30a4000 JavaThread "Cache worker for file hash cache (C:\Users\arthu\AndroidStudioProjects\Sensors_M2\.gradle\7.4\fileHashes)" [_thread_blocked, id=22900, stack(0x000000451da00000,0x000000451db00000)]
  0x000001b8f61a9800 JavaThread "Cache worker for cache directory md-supplier (C:\Users\arthu\.gradle\caches\7.4\md-supplier)" [_thread_blocked, id=3384, stack(0x000000451db00000,0x000000451dc00000)]
  0x000001b8f61aa000 JavaThread "Cache worker for execution history cache (C:\Users\arthu\.gradle\caches\7.4\executionHistory)" [_thread_blocked, id=19048, stack(0x000000451dc00000,0x000000451dd00000)]
  0x000001b8f61ac000 JavaThread "jar transforms" [_thread_blocked, id=5700, stack(0x000000451dd00000,0x000000451de00000)]
  0x000001b8f61a7800 JavaThread "Cache worker for file content cache (C:\Users\arthu\.gradle\caches\7.4\fileContent)" [_thread_blocked, id=18900, stack(0x000000451d500000,0x000000451d600000)]
  0x000001b8f38e2800 JavaThread "C2 CompilerThread1" daemon [_thread_in_native, id=22856, stack(0x000000451d400000,0x000000451d500000)]
  0x000001b8f61ac800 JavaThread "jar transforms Thread 2" [_thread_blocked, id=23332, stack(0x000000451de00000,0x000000451df00000)]
  0x000001b8f61a8800 JavaThread "Cache worker for dependencies-accessors (C:\Users\arthu\AndroidStudioProjects\Sensors_M2\.gradle\7.4\dependencies-accessors)" [_thread_blocked, id=23548, stack(0x000000451df00000,0x000000451e000000)]

Other Threads:
  0x000001b8f07d3800 VMThread "VM Thread" [stack: 0x000000451b100000,0x000000451b200000] [id=25552]
  0x000001b8f09e9000 WatcherThread [stack: 0x000000451bb00000,0x000000451bc00000] [id=4172]
  0x000001b8d4eb9800 GCTaskThread "GC Thread#0" [stack: 0x000000451ac00000,0x000000451ad00000] [id=16752]
  0x000001b8f17d2800 GCTaskThread "GC Thread#1" [stack: 0x000000451bd00000,0x000000451be00000] [id=21260]
  0x000001b8f111b800 GCTaskThread "GC Thread#2" [stack: 0x000000451be00000,0x000000451bf00000] [id=23448]
  0x000001b8f1995000 GCTaskThread "GC Thread#3" [stack: 0x000000451bf00000,0x000000451c000000] [id=9032]
  0x000001b8f127d800 GCTaskThread "GC Thread#4" [stack: 0x000000451c000000,0x000000451c100000] [id=19832]
  0x000001b8f162f800 GCTaskThread "GC Thread#5" [stack: 0x000000451c100000,0x000000451c200000] [id=5900]
  0x000001b8f36bd800 GCTaskThread "GC Thread#6" [stack: 0x000000451ce00000,0x000000451cf00000] [id=25360]
  0x000001b8f3228800 GCTaskThread "GC Thread#7" [stack: 0x000000451cf00000,0x000000451d000000] [id=23344]
  0x000001b8f3a33800 GCTaskThread "GC Thread#8" [stack: 0x000000451d000000,0x000000451d100000] [id=20492]
  0x000001b8f1e1d800 GCTaskThread "GC Thread#9" [stack: 0x000000451d100000,0x000000451d200000] [id=8344]
  0x000001b8d4ee9800 ConcurrentGCThread "G1 Main Marker" [stack: 0x000000451ad00000,0x000000451ae00000] [id=23848]
  0x000001b8d4eeb000 ConcurrentGCThread "G1 Conc#0" [stack: 0x000000451ae00000,0x000000451af00000] [id=25200]
  0x000001b8f18cf000 ConcurrentGCThread "G1 Conc#1" [stack: 0x000000451d200000,0x000000451d300000] [id=14048]
  0x000001b8f2ac4800 ConcurrentGCThread "G1 Conc#2" [stack: 0x000000451d300000,0x000000451d400000] [id=18808]
  0x000001b8efe24800 ConcurrentGCThread "G1 Refine#0" [stack: 0x000000451af00000,0x000000451b000000] [id=16048]
  0x000001b8efe25000 ConcurrentGCThread "G1 Young RemSet Sampling" [stack: 0x000000451b000000,0x000000451b100000] [id=25204]

Threads with active compile tasks:
C2 CompilerThread0   9928 3624       4       java.lang.PublicMethods::merge (81 bytes)
C2 CompilerThread1   9928 3631       4       java.io.WinNTFileSystem::normalize (224 bytes)

VM state:not at safepoint (normal execution)

VM Mutex/Monitor currently owned by a thread: None

Heap address: 0x0000000080000000, size: 2048 MB, Compressed Oops mode: 32-bit
Narrow klass base: 0x0000000000000000, Narrow klass shift: 3
Compressed class space size: 1073741824 Address: 0x0000000100000000

Heap:
 garbage-first heap   total 260096K, used 109137K [0x0000000080000000, 0x0000000100000000)
  region size 1024K, 90 young (92160K), 6 survivors (6144K)
 Metaspace       used 41963K, capacity 42966K, committed 43216K, reserved 1087488K
  class space    used 5342K, capacity 5729K, committed 5760K, reserved 1048576K
Heap Regions: E=young(eden), S=young(survivor), O=old, HS=humongous(starts), HC=humongous(continues), CS=collection set, F=free, A=archive, TAMS=top-at-mark-start (previous, next)
|   0|0x0000000080000000, 0x0000000080100000, 0x0000000080100000|100%| O|  |TAMS 0x0000000080100000, 0x0000000080000000| Untracked 
|   1|0x0000000080100000, 0x0000000080200000, 0x0000000080200000|100%| O|  |TAMS 0x0000000080200000, 0x0000000080100000| Untracked 
|   2|0x0000000080200000, 0x0000000080300000, 0x0000000080300000|100%| O|  |TAMS 0x0000000080300000, 0x0000000080200000| Untracked 
|   3|0x0000000080300000, 0x0000000080400000, 0x0000000080400000|100%|HS|  |TAMS 0x0000000080400000, 0x0000000080300000| Complete 
|   4|0x0000000080400000, 0x0000000080500000, 0x0000000080500000|100%|HC|  |TAMS 0x0000000080500000, 0x0000000080400000| Complete 
|   5|0x0000000080500000, 0x0000000080600000, 0x0000000080600000|100%|HC|  |TAMS 0x0000000080600000, 0x0000000080500000| Complete 
|   6|0x0000000080600000, 0x0000000080700000, 0x0000000080700000|100%| O|  |TAMS 0x0000000080700000, 0x0000000080600000| Untracked 
|   7|0x0000000080700000, 0x0000000080800000, 0x0000000080800000|100%| O|  |TAMS 0x0000000080800000, 0x0000000080700000| Untracked 
|   8|0x0000000080800000, 0x0000000080900000, 0x0000000080900000|100%| O|  |TAMS 0x0000000080900000, 0x0000000080800000| Untracked 
|   9|0x0000000080900000, 0x0000000080a00000, 0x0000000080a00000|100%| O|  |TAMS 0x0000000080a00000, 0x0000000080900000| Untracked 
|  10|0x0000000080a00000, 0x0000000080b00000, 0x0000000080b00000|100%| O|  |TAMS 0x0000000080b00000, 0x0000000080a00000| Untracked 
|  11|0x0000000080b00000, 0x0000000080c00000, 0x0000000080c00000|100%| O|  |TAMS 0x0000000080c00000, 0x0000000080b00000| Untracked 
|  12|0x0000000080c00000, 0x0000000080d00000, 0x0000000080d00000|100%| O|  |TAMS 0x0000000080d00000, 0x0000000080c00000| Untracked 
|  13|0x0000000080d00000, 0x0000000080e00000, 0x0000000080e00000|100%| O|  |TAMS 0x0000000080e00000, 0x0000000080d00000| Untracked 
|  14|0x0000000080e00000, 0x0000000080f00000, 0x0000000080f00000|100%| O|  |TAMS 0x0000000080f00000, 0x0000000080e00000| Untracked 
|  15|0x0000000080f00000, 0x0000000081000000, 0x0000000081000000|100%| O|  |TAMS 0x0000000081000000, 0x0000000080f00000| Untracked 
|  16|0x0000000081000000, 0x0000000081021c00, 0x0000000081100000| 13%| O|  |TAMS 0x0000000081021c00, 0x0000000081000000| Untracked 
|  17|0x0000000081100000, 0x0000000081200000, 0x0000000081200000|100%|HS|  |TAMS 0x0000000081100000, 0x0000000081100000| Complete 
|  18|0x0000000081200000, 0x0000000081300000, 0x0000000081300000|100%|HS|  |TAMS 0x0000000081200000, 0x0000000081200000| Complete 
|  19|0x0000000081300000, 0x0000000081400000, 0x0000000081400000|100%|HC|  |TAMS 0x0000000081300000, 0x0000000081300000| Complete 
|  20|0x0000000081400000, 0x0000000081400000, 0x0000000081500000|  0%| F|  |TAMS 0x0000000081400000, 0x0000000081400000| Untracked 
|  21|0x0000000081500000, 0x0000000081500000, 0x0000000081600000|  0%| F|  |TAMS 0x0000000081500000, 0x0000000081500000| Untracked 
|  22|0x0000000081600000, 0x0000000081600000, 0x0000000081700000|  0%| F|  |TAMS 0x0000000081600000, 0x0000000081600000| Untracked 
|  23|0x0000000081700000, 0x0000000081700000, 0x0000000081800000|  0%| F|  |TAMS 0x0000000081700000, 0x0000000081700000| Untracked 
|  24|0x0000000081800000, 0x0000000081800000, 0x0000000081900000|  0%| F|  |TAMS 0x0000000081800000, 0x0000000081800000| Untracked 
|  25|0x0000000081900000, 0x0000000081900000, 0x0000000081a00000|  0%| F|  |TAMS 0x0000000081900000, 0x0000000081900000| Untracked 
|  26|0x0000000081a00000, 0x0000000081a00000, 0x0000000081b00000|  0%| F|  |TAMS 0x0000000081a00000, 0x0000000081a00000| Untracked 
|  27|0x0000000081b00000, 0x0000000081b00000, 0x0000000081c00000|  0%| F|  |TAMS 0x0000000081b00000, 0x0000000081b00000| Untracked 
|  28|0x0000000081c00000, 0x0000000081c00000, 0x0000000081d00000|  0%| F|  |TAMS 0x0000000081c00000, 0x0000000081c00000| Untracked 
|  29|0x0000000081d00000, 0x0000000081d00000, 0x0000000081e00000|  0%| F|  |TAMS 0x0000000081d00000, 0x0000000081d00000| Untracked 
|  30|0x0000000081e00000, 0x0000000081e00000, 0x0000000081f00000|  0%| F|  |TAMS 0x0000000081e00000, 0x0000000081e00000| Untracked 
|  31|0x0000000081f00000, 0x0000000081f00000, 0x0000000082000000|  0%| F|  |TAMS 0x0000000081f00000, 0x0000000081f00000| Untracked 
|  32|0x0000000082000000, 0x0000000082000000, 0x0000000082100000|  0%| F|  |TAMS 0x0000000082000000, 0x0000000082000000| Untracked 
|  33|0x0000000082100000, 0x0000000082100000, 0x0000000082200000|  0%| F|  |TAMS 0x0000000082100000, 0x0000000082100000| Untracked 
|  34|0x0000000082200000, 0x0000000082200000, 0x0000000082300000|  0%| F|  |TAMS 0x0000000082200000, 0x0000000082200000| Untracked 
|  35|0x0000000082300000, 0x0000000082300000, 0x0000000082400000|  0%| F|  |TAMS 0x0000000082300000, 0x0000000082300000| Untracked 
|  36|0x0000000082400000, 0x0000000082400000, 0x0000000082500000|  0%| F|  |TAMS 0x0000000082400000, 0x0000000082400000| Untracked 
|  37|0x0000000082500000, 0x0000000082500000, 0x0000000082600000|  0%| F|  |TAMS 0x0000000082500000, 0x0000000082500000| Untracked 
|  38|0x0000000082600000, 0x0000000082600000, 0x0000000082700000|  0%| F|  |TAMS 0x0000000082600000, 0x0000000082600000| Untracked 
|  39|0x0000000082700000, 0x0000000082700000, 0x0000000082800000|  0%| F|  |TAMS 0x0000000082700000, 0x0000000082700000| Untracked 
|  40|0x0000000082800000, 0x0000000082800000, 0x0000000082900000|  0%| F|  |TAMS 0x0000000082800000, 0x0000000082800000| Untracked 
|  41|0x0000000082900000, 0x0000000082900000, 0x0000000082a00000|  0%| F|  |TAMS 0x0000000082900000, 0x0000000082900000| Untracked 
|  42|0x0000000082a00000, 0x0000000082a00000, 0x0000000082b00000|  0%| F|  |TAMS 0x0000000082a00000, 0x0000000082a00000| Untracked 
|  43|0x0000000082b00000, 0x0000000082b00000, 0x0000000082c00000|  0%| F|  |TAMS 0x0000000082b00000, 0x0000000082b00000| Untracked 
|  44|0x0000000082c00000, 0x0000000082c00000, 0x0000000082d00000|  0%| F|  |TAMS 0x0000000082c00000, 0x0000000082c00000| Untracked 
|  45|0x0000000082d00000, 0x0000000082d00000, 0x0000000082e00000|  0%| F|  |TAMS 0x0000000082d00000, 0x0000000082d00000| Untracked 
|  46|0x0000000082e00000, 0x0000000082e00000, 0x0000000082f00000|  0%| F|  |TAMS 0x0000000082e00000, 0x0000000082e00000| Untracked 
|  47|0x0000000082f00000, 0x0000000082f00000, 0x0000000083000000|  0%| F|  |TAMS 0x0000000082f00000, 0x0000000082f00000| Untracked 
|  48|0x0000000083000000, 0x0000000083000000, 0x0000000083100000|  0%| F|  |TAMS 0x0000000083000000, 0x0000000083000000| Untracked 
|  49|0x0000000083100000, 0x0000000083100000, 0x0000000083200000|  0%| F|  |TAMS 0x0000000083100000, 0x0000000083100000| Untracked 
|  50|0x0000000083200000, 0x0000000083200000, 0x0000000083300000|  0%| F|  |TAMS 0x0000000083200000, 0x0000000083200000| Untracked 
|  51|0x0000000083300000, 0x0000000083300000, 0x0000000083400000|  0%| F|  |TAMS 0x0000000083300000, 0x0000000083300000| Untracked 
|  52|0x0000000083400000, 0x0000000083400000, 0x0000000083500000|  0%| F|  |TAMS 0x0000000083400000, 0x0000000083400000| Untracked 
|  53|0x0000000083500000, 0x0000000083500000, 0x0000000083600000|  0%| F|  |TAMS 0x0000000083500000, 0x0000000083500000| Untracked 
|  54|0x0000000083600000, 0x0000000083600000, 0x0000000083700000|  0%| F|  |TAMS 0x0000000083600000, 0x0000000083600000| Untracked 
|  55|0x0000000083700000, 0x0000000083700000, 0x0000000083800000|  0%| F|  |TAMS 0x0000000083700000, 0x0000000083700000| Untracked 
|  56|0x0000000083800000, 0x0000000083800000, 0x0000000083900000|  0%| F|  |TAMS 0x0000000083800000, 0x0000000083800000| Untracked 
|  57|0x0000000083900000, 0x0000000083900000, 0x0000000083a00000|  0%| F|  |TAMS 0x0000000083900000, 0x0000000083900000| Untracked 
|  58|0x0000000083a00000, 0x0000000083a00000, 0x0000000083b00000|  0%| F|  |TAMS 0x0000000083a00000, 0x0000000083a00000| Untracked 
|  59|0x0000000083b00000, 0x0000000083b00000, 0x0000000083c00000|  0%| F|  |TAMS 0x0000000083b00000, 0x0000000083b00000| Untracked 
|  60|0x0000000083c00000, 0x0000000083c00000, 0x0000000083d00000|  0%| F|  |TAMS 0x0000000083c00000, 0x0000000083c00000| Untracked 
|  61|0x0000000083d00000, 0x0000000083d00000, 0x0000000083e00000|  0%| F|  |TAMS 0x0000000083d00000, 0x0000000083d00000| Untracked 
|  62|0x0000000083e00000, 0x0000000083e00000, 0x0000000083f00000|  0%| F|  |TAMS 0x0000000083e00000, 0x0000000083e00000| Untracked 
|  63|0x0000000083f00000, 0x0000000083f00000, 0x0000000084000000|  0%| F|  |TAMS 0x0000000083f00000, 0x0000000083f00000| Untracked 
|  64|0x0000000084000000, 0x0000000084000000, 0x0000000084100000|  0%| F|  |TAMS 0x0000000084000000, 0x0000000084000000| Untracked 
|  65|0x0000000084100000, 0x0000000084100000, 0x0000000084200000|  0%| F|  |TAMS 0x0000000084100000, 0x0000000084100000| Untracked 
|  66|0x0000000084200000, 0x0000000084200000, 0x0000000084300000|  0%| F|  |TAMS 0x0000000084200000, 0x0000000084200000| Untracked 
|  67|0x0000000084300000, 0x0000000084300000, 0x0000000084400000|  0%| F|  |TAMS 0x0000000084300000, 0x0000000084300000| Untracked 
|  68|0x0000000084400000, 0x0000000084400000, 0x0000000084500000|  0%| F|  |TAMS 0x0000000084400000, 0x0000000084400000| Untracked 
|  69|0x0000000084500000, 0x0000000084500000, 0x0000000084600000|  0%| F|  |TAMS 0x0000000084500000, 0x0000000084500000| Untracked 
|  70|0x0000000084600000, 0x0000000084600000, 0x0000000084700000|  0%| F|  |TAMS 0x0000000084600000, 0x0000000084600000| Untracked 
|  71|0x0000000084700000, 0x0000000084700000, 0x0000000084800000|  0%| F|  |TAMS 0x0000000084700000, 0x0000000084700000| Untracked 
|  72|0x0000000084800000, 0x0000000084800000, 0x0000000084900000|  0%| F|  |TAMS 0x0000000084800000, 0x0000000084800000| Untracked 
|  73|0x0000000084900000, 0x0000000084900000, 0x0000000084a00000|  0%| F|  |TAMS 0x0000000084900000, 0x0000000084900000| Untracked 
|  74|0x0000000084a00000, 0x0000000084a00000, 0x0000000084b00000|  0%| F|  |TAMS 0x0000000084a00000, 0x0000000084a00000| Untracked 
|  75|0x0000000084b00000, 0x0000000084b00000, 0x0000000084c00000|  0%| F|  |TAMS 0x0000000084b00000, 0x0000000084b00000| Untracked 
|  76|0x0000000084c00000, 0x0000000084c00000, 0x0000000084d00000|  0%| F|  |TAMS 0x0000000084c00000, 0x0000000084c00000| Untracked 
|  77|0x0000000084d00000, 0x0000000084d00000, 0x0000000084e00000|  0%| F|  |TAMS 0x0000000084d00000, 0x0000000084d00000| Untracked 
|  78|0x0000000084e00000, 0x0000000084e00000, 0x0000000084f00000|  0%| F|  |TAMS 0x0000000084e00000, 0x0000000084e00000| Untracked 
|  79|0x0000000084f00000, 0x0000000084f00000, 0x0000000085000000|  0%| F|  |TAMS 0x0000000084f00000, 0x0000000084f00000| Untracked 
|  80|0x0000000085000000, 0x0000000085000000, 0x0000000085100000|  0%| F|  |TAMS 0x0000000085000000, 0x0000000085000000| Untracked 
|  81|0x0000000085100000, 0x0000000085100000, 0x0000000085200000|  0%| F|  |TAMS 0x0000000085100000, 0x0000000085100000| Untracked 
|  82|0x0000000085200000, 0x0000000085200000, 0x0000000085300000|  0%| F|  |TAMS 0x0000000085200000, 0x0000000085200000| Untracked 
|  83|0x0000000085300000, 0x0000000085300000, 0x0000000085400000|  0%| F|  |TAMS 0x0000000085300000, 0x0000000085300000| Untracked 
|  84|0x0000000085400000, 0x0000000085400000, 0x0000000085500000|  0%| F|  |TAMS 0x0000000085400000, 0x0000000085400000| Untracked 
|  85|0x0000000085500000, 0x0000000085500000, 0x0000000085600000|  0%| F|  |TAMS 0x0000000085500000, 0x0000000085500000| Untracked 
|  86|0x0000000085600000, 0x0000000085600000, 0x0000000085700000|  0%| F|  |TAMS 0x0000000085600000, 0x0000000085600000| Untracked 
|  87|0x0000000085700000, 0x0000000085700000, 0x0000000085800000|  0%| F|  |TAMS 0x0000000085700000, 0x0000000085700000| Untracked 
|  88|0x0000000085800000, 0x0000000085800000, 0x0000000085900000|  0%| F|  |TAMS 0x0000000085800000, 0x0000000085800000| Untracked 
|  89|0x0000000085900000, 0x0000000085900000, 0x0000000085a00000|  0%| F|  |TAMS 0x0000000085900000, 0x0000000085900000| Untracked 
|  90|0x0000000085a00000, 0x0000000085a00000, 0x0000000085b00000|  0%| F|  |TAMS 0x0000000085a00000, 0x0000000085a00000| Untracked 
|  91|0x0000000085b00000, 0x0000000085b00000, 0x0000000085c00000|  0%| F|  |TAMS 0x0000000085b00000, 0x0000000085b00000| Untracked 
|  92|0x0000000085c00000, 0x0000000085c00000, 0x0000000085d00000|  0%| F|  |TAMS 0x0000000085c00000, 0x0000000085c00000| Untracked 
|  93|0x0000000085d00000, 0x0000000085d00000, 0x0000000085e00000|  0%| F|  |TAMS 0x0000000085d00000, 0x0000000085d00000| Untracked 
|  94|0x0000000085e00000, 0x0000000085e00000, 0x0000000085f00000|  0%| F|  |TAMS 0x0000000085e00000, 0x0000000085e00000| Untracked 
|  95|0x0000000085f00000, 0x0000000085f00000, 0x0000000086000000|  0%| F|  |TAMS 0x0000000085f00000, 0x0000000085f00000| Untracked 
|  96|0x0000000086000000, 0x0000000086000000, 0x0000000086100000|  0%| F|  |TAMS 0x0000000086000000, 0x0000000086000000| Untracked 
|  97|0x0000000086100000, 0x0000000086100000, 0x0000000086200000|  0%| F|  |TAMS 0x0000000086100000, 0x0000000086100000| Untracked 
|  98|0x0000000086200000, 0x0000000086200000, 0x0000000086300000|  0%| F|  |TAMS 0x0000000086200000, 0x0000000086200000| Untracked 
|  99|0x0000000086300000, 0x0000000086300000, 0x0000000086400000|  0%| F|  |TAMS 0x0000000086300000, 0x0000000086300000| Untracked 
| 100|0x0000000086400000, 0x0000000086400000, 0x0000000086500000|  0%| F|  |TAMS 0x0000000086400000, 0x0000000086400000| Untracked 
| 101|0x0000000086500000, 0x0000000086500000, 0x0000000086600000|  0%| F|  |TAMS 0x0000000086500000, 0x0000000086500000| Untracked 
| 102|0x0000000086600000, 0x0000000086600000, 0x0000000086700000|  0%| F|  |TAMS 0x0000000086600000, 0x0000000086600000| Untracked 
| 103|0x0000000086700000, 0x0000000086700000, 0x0000000086800000|  0%| F|  |TAMS 0x0000000086700000, 0x0000000086700000| Untracked 
| 104|0x0000000086800000, 0x0000000086800000, 0x0000000086900000|  0%| F|  |TAMS 0x0000000086800000, 0x0000000086800000| Untracked 
| 105|0x0000000086900000, 0x0000000086900000, 0x0000000086a00000|  0%| F|  |TAMS 0x0000000086900000, 0x0000000086900000| Untracked 
| 106|0x0000000086a00000, 0x0000000086a00000, 0x0000000086b00000|  0%| F|  |TAMS 0x0000000086a00000, 0x0000000086a00000| Untracked 
| 107|0x0000000086b00000, 0x0000000086b00000, 0x0000000086c00000|  0%| F|  |TAMS 0x0000000086b00000, 0x0000000086b00000| Untracked 
| 108|0x0000000086c00000, 0x0000000086c00000, 0x0000000086d00000|  0%| F|  |TAMS 0x0000000086c00000, 0x0000000086c00000| Untracked 
| 109|0x0000000086d00000, 0x0000000086d00000, 0x0000000086e00000|  0%| F|  |TAMS 0x0000000086d00000, 0x0000000086d00000| Untracked 
| 110|0x0000000086e00000, 0x0000000086e00000, 0x0000000086f00000|  0%| F|  |TAMS 0x0000000086e00000, 0x0000000086e00000| Untracked 
| 111|0x0000000086f00000, 0x0000000086f00000, 0x0000000087000000|  0%| F|  |TAMS 0x0000000086f00000, 0x0000000086f00000| Untracked 
| 112|0x0000000087000000, 0x0000000087000000, 0x0000000087100000|  0%| F|  |TAMS 0x0000000087000000, 0x0000000087000000| Untracked 
| 113|0x0000000087100000, 0x0000000087100000, 0x0000000087200000|  0%| F|  |TAMS 0x0000000087100000, 0x0000000087100000| Untracked 
| 114|0x0000000087200000, 0x0000000087200000, 0x0000000087300000|  0%| F|  |TAMS 0x0000000087200000, 0x0000000087200000| Untracked 
| 115|0x0000000087300000, 0x0000000087300000, 0x0000000087400000|  0%| F|  |TAMS 0x0000000087300000, 0x0000000087300000| Untracked 
| 116|0x0000000087400000, 0x0000000087400000, 0x0000000087500000|  0%| F|  |TAMS 0x0000000087400000, 0x0000000087400000| Untracked 
| 117|0x0000000087500000, 0x0000000087500000, 0x0000000087600000|  0%| F|  |TAMS 0x0000000087500000, 0x0000000087500000| Untracked 
| 118|0x0000000087600000, 0x0000000087600000, 0x0000000087700000|  0%| F|  |TAMS 0x0000000087600000, 0x0000000087600000| Untracked 
| 119|0x0000000087700000, 0x0000000087700000, 0x0000000087800000|  0%| F|  |TAMS 0x0000000087700000, 0x0000000087700000| Untracked 
| 120|0x0000000087800000, 0x0000000087800000, 0x0000000087900000|  0%| F|  |TAMS 0x0000000087800000, 0x0000000087800000| Untracked 
| 121|0x0000000087900000, 0x0000000087900000, 0x0000000087a00000|  0%| F|  |TAMS 0x0000000087900000, 0x0000000087900000| Untracked 
| 122|0x0000000087a00000, 0x0000000087a00000, 0x0000000087b00000|  0%| F|  |TAMS 0x0000000087a00000, 0x0000000087a00000| Untracked 
| 123|0x0000000087b00000, 0x0000000087b00000, 0x0000000087c00000|  0%| F|  |TAMS 0x0000000087b00000, 0x0000000087b00000| Untracked 
| 124|0x0000000087c00000, 0x0000000087c00000, 0x0000000087d00000|  0%| F|  |TAMS 0x0000000087c00000, 0x0000000087c00000| Untracked 
| 125|0x0000000087d00000, 0x0000000087d00000, 0x0000000087e00000|  0%| F|  |TAMS 0x0000000087d00000, 0x0000000087d00000| Untracked 
| 126|0x0000000087e00000, 0x0000000087e00000, 0x0000000087f00000|  0%| F|  |TAMS 0x0000000087e00000, 0x0000000087e00000| Untracked 
| 127|0x0000000087f00000, 0x0000000087f00000, 0x0000000088000000|  0%| F|  |TAMS 0x0000000087f00000, 0x0000000087f00000| Untracked 
| 128|0x0000000088000000, 0x0000000088000000, 0x0000000088100000|  0%| F|  |TAMS 0x0000000088000000, 0x0000000088000000| Untracked 
| 129|0x0000000088100000, 0x0000000088100000, 0x0000000088200000|  0%| F|  |TAMS 0x0000000088100000, 0x0000000088100000| Untracked 
| 130|0x0000000088200000, 0x0000000088200000, 0x0000000088300000|  0%| F|  |TAMS 0x0000000088200000, 0x0000000088200000| Untracked 
| 131|0x0000000088300000, 0x0000000088300000, 0x0000000088400000|  0%| F|  |TAMS 0x0000000088300000, 0x0000000088300000| Untracked 
| 132|0x0000000088400000, 0x0000000088400000, 0x0000000088500000|  0%| F|  |TAMS 0x0000000088400000, 0x0000000088400000| Untracked 
| 133|0x0000000088500000, 0x0000000088500000, 0x0000000088600000|  0%| F|  |TAMS 0x0000000088500000, 0x0000000088500000| Untracked 
| 134|0x0000000088600000, 0x0000000088600000, 0x0000000088700000|  0%| F|  |TAMS 0x0000000088600000, 0x0000000088600000| Untracked 
| 135|0x0000000088700000, 0x0000000088700000, 0x0000000088800000|  0%| F|  |TAMS 0x0000000088700000, 0x0000000088700000| Untracked 
| 136|0x0000000088800000, 0x0000000088800000, 0x0000000088900000|  0%| F|  |TAMS 0x0000000088800000, 0x0000000088800000| Untracked 
| 137|0x0000000088900000, 0x0000000088900000, 0x0000000088a00000|  0%| F|  |TAMS 0x0000000088900000, 0x0000000088900000| Untracked 
| 138|0x0000000088a00000, 0x0000000088a00000, 0x0000000088b00000|  0%| F|  |TAMS 0x0000000088a00000, 0x0000000088a00000| Untracked 
| 139|0x0000000088b00000, 0x0000000088b00000, 0x0000000088c00000|  0%| F|  |TAMS 0x0000000088b00000, 0x0000000088b00000| Untracked 
| 140|0x0000000088c00000, 0x0000000088c00000, 0x0000000088d00000|  0%| F|  |TAMS 0x0000000088c00000, 0x0000000088c00000| Untracked 
| 141|0x0000000088d00000, 0x0000000088d00000, 0x0000000088e00000|  0%| F|  |TAMS 0x0000000088d00000, 0x0000000088d00000| Untracked 
| 142|0x0000000088e00000, 0x0000000088e00000, 0x0000000088f00000|  0%| F|  |TAMS 0x0000000088e00000, 0x0000000088e00000| Untracked 
| 143|0x0000000088f00000, 0x0000000088f00000, 0x0000000089000000|  0%| F|  |TAMS 0x0000000088f00000, 0x0000000088f00000| Untracked 
| 144|0x0000000089000000, 0x0000000089000000, 0x0000000089100000|  0%| F|  |TAMS 0x0000000089000000, 0x0000000089000000| Untracked 
| 145|0x0000000089100000, 0x0000000089100000, 0x0000000089200000|  0%| F|  |TAMS 0x0000000089100000, 0x0000000089100000| Untracked 
| 146|0x0000000089200000, 0x0000000089200000, 0x0000000089300000|  0%| F|  |TAMS 0x0000000089200000, 0x0000000089200000| Untracked 
| 147|0x0000000089300000, 0x0000000089300000, 0x0000000089400000|  0%| F|  |TAMS 0x0000000089300000, 0x0000000089300000| Untracked 
| 148|0x0000000089400000, 0x0000000089400000, 0x0000000089500000|  0%| F|  |TAMS 0x0000000089400000, 0x0000000089400000| Untracked 
| 149|0x0000000089500000, 0x0000000089500000, 0x0000000089600000|  0%| F|  |TAMS 0x0000000089500000, 0x0000000089500000| Untracked 
| 150|0x0000000089600000, 0x0000000089600000, 0x0000000089700000|  0%| F|  |TAMS 0x0000000089600000, 0x0000000089600000| Untracked 
| 151|0x0000000089700000, 0x0000000089700000, 0x0000000089800000|  0%| F|  |TAMS 0x0000000089700000, 0x0000000089700000| Untracked 
| 152|0x0000000089800000, 0x0000000089800000, 0x0000000089900000|  0%| F|  |TAMS 0x0000000089800000, 0x0000000089800000| Untracked 
| 153|0x0000000089900000, 0x0000000089900000, 0x0000000089a00000|  0%| F|  |TAMS 0x0000000089900000, 0x0000000089900000| Untracked 
| 154|0x0000000089a00000, 0x0000000089a729d0, 0x0000000089b00000| 44%| S|CS|TAMS 0x0000000089a00000, 0x0000000089a00000| Complete 
| 155|0x0000000089b00000, 0x0000000089c00000, 0x0000000089c00000|100%| S|CS|TAMS 0x0000000089b00000, 0x0000000089b00000| Complete 
| 156|0x0000000089c00000, 0x0000000089d00000, 0x0000000089d00000|100%| S|CS|TAMS 0x0000000089c00000, 0x0000000089c00000| Complete 
| 157|0x0000000089d00000, 0x0000000089e00000, 0x0000000089e00000|100%| S|CS|TAMS 0x0000000089d00000, 0x0000000089d00000| Complete 
| 158|0x0000000089e00000, 0x0000000089f00000, 0x0000000089f00000|100%| S|CS|TAMS 0x0000000089e00000, 0x0000000089e00000| Complete 
| 159|0x0000000089f00000, 0x000000008a000000, 0x000000008a000000|100%| S|CS|TAMS 0x0000000089f00000, 0x0000000089f00000| Complete 
| 160|0x000000008a000000, 0x000000008a000000, 0x000000008a100000|  0%| F|  |TAMS 0x000000008a000000, 0x000000008a000000| Untracked 
| 161|0x000000008a100000, 0x000000008a100000, 0x000000008a200000|  0%| F|  |TAMS 0x000000008a100000, 0x000000008a100000| Untracked 
| 162|0x000000008a200000, 0x000000008a200000, 0x000000008a300000|  0%| F|  |TAMS 0x000000008a200000, 0x000000008a200000| Untracked 
| 163|0x000000008a300000, 0x000000008a300000, 0x000000008a400000|  0%| F|  |TAMS 0x000000008a300000, 0x000000008a300000| Untracked 
| 164|0x000000008a400000, 0x000000008a400000, 0x000000008a500000|  0%| F|  |TAMS 0x000000008a400000, 0x000000008a400000| Untracked 
| 165|0x000000008a500000, 0x000000008a500000, 0x000000008a600000|  0%| F|  |TAMS 0x000000008a500000, 0x000000008a500000| Untracked 
| 166|0x000000008a600000, 0x000000008a600000, 0x000000008a700000|  0%| F|  |TAMS 0x000000008a600000, 0x000000008a600000| Untracked 
| 167|0x000000008a700000, 0x000000008a700000, 0x000000008a800000|  0%| F|  |TAMS 0x000000008a700000, 0x000000008a700000| Untracked 
| 168|0x000000008a800000, 0x000000008a800000, 0x000000008a900000|  0%| F|  |TAMS 0x000000008a800000, 0x000000008a800000| Untracked 
| 169|0x000000008a900000, 0x000000008a980790, 0x000000008aa00000| 50%| E|  |TAMS 0x000000008a900000, 0x000000008a900000| Complete 
| 170|0x000000008aa00000, 0x000000008ab00000, 0x000000008ab00000|100%| E|CS|TAMS 0x000000008aa00000, 0x000000008aa00000| Complete 
| 171|0x000000008ab00000, 0x000000008ac00000, 0x000000008ac00000|100%| E|CS|TAMS 0x000000008ab00000, 0x000000008ab00000| Complete 
| 172|0x000000008ac00000, 0x000000008ad00000, 0x000000008ad00000|100%| E|CS|TAMS 0x000000008ac00000, 0x000000008ac00000| Complete 
| 173|0x000000008ad00000, 0x000000008ae00000, 0x000000008ae00000|100%| E|CS|TAMS 0x000000008ad00000, 0x000000008ad00000| Complete 
| 174|0x000000008ae00000, 0x000000008af00000, 0x000000008af00000|100%| E|CS|TAMS 0x000000008ae00000, 0x000000008ae00000| Complete 
| 175|0x000000008af00000, 0x000000008b000000, 0x000000008b000000|100%| E|CS|TAMS 0x000000008af00000, 0x000000008af00000| Complete 
| 176|0x000000008b000000, 0x000000008b100000, 0x000000008b100000|100%| E|CS|TAMS 0x000000008b000000, 0x000000008b000000| Complete 
| 177|0x000000008b100000, 0x000000008b200000, 0x000000008b200000|100%| E|CS|TAMS 0x000000008b100000, 0x000000008b100000| Complete 
| 178|0x000000008b200000, 0x000000008b300000, 0x000000008b300000|100%| E|CS|TAMS 0x000000008b200000, 0x000000008b200000| Complete 
| 179|0x000000008b300000, 0x000000008b400000, 0x000000008b400000|100%| E|CS|TAMS 0x000000008b300000, 0x000000008b300000| Complete 
| 180|0x000000008b400000, 0x000000008b500000, 0x000000008b500000|100%| E|CS|TAMS 0x000000008b400000, 0x000000008b400000| Complete 
| 181|0x000000008b500000, 0x000000008b600000, 0x000000008b600000|100%| E|CS|TAMS 0x000000008b500000, 0x000000008b500000| Complete 
| 182|0x000000008b600000, 0x000000008b700000, 0x000000008b700000|100%| E|CS|TAMS 0x000000008b600000, 0x000000008b600000| Complete 
| 183|0x000000008b700000, 0x000000008b800000, 0x000000008b800000|100%| E|CS|TAMS 0x000000008b700000, 0x000000008b700000| Complete 
| 184|0x000000008b800000, 0x000000008b900000, 0x000000008b900000|100%| E|CS|TAMS 0x000000008b800000, 0x000000008b800000| Complete 
| 185|0x000000008b900000, 0x000000008ba00000, 0x000000008ba00000|100%| E|CS|TAMS 0x000000008b900000, 0x000000008b900000| Complete 
| 186|0x000000008ba00000, 0x000000008bb00000, 0x000000008bb00000|100%| E|CS|TAMS 0x000000008ba00000, 0x000000008ba00000| Complete 
| 187|0x000000008bb00000, 0x000000008bc00000, 0x000000008bc00000|100%| E|CS|TAMS 0x000000008bb00000, 0x000000008bb00000| Complete 
| 188|0x000000008bc00000, 0x000000008bd00000, 0x000000008bd00000|100%| E|CS|TAMS 0x000000008bc00000, 0x000000008bc00000| Complete 
| 189|0x000000008bd00000, 0x000000008be00000, 0x000000008be00000|100%| E|CS|TAMS 0x000000008bd00000, 0x000000008bd00000| Complete 
| 190|0x000000008be00000, 0x000000008bf00000, 0x000000008bf00000|100%| E|CS|TAMS 0x000000008be00000, 0x000000008be00000| Complete 
| 191|0x000000008bf00000, 0x000000008c000000, 0x000000008c000000|100%| E|CS|TAMS 0x000000008bf00000, 0x000000008bf00000| Complete 
| 192|0x000000008c000000, 0x000000008c100000, 0x000000008c100000|100%| E|CS|TAMS 0x000000008c000000, 0x000000008c000000| Complete 
| 193|0x000000008c100000, 0x000000008c200000, 0x000000008c200000|100%| E|CS|TAMS 0x000000008c100000, 0x000000008c100000| Complete 
| 194|0x000000008c200000, 0x000000008c300000, 0x000000008c300000|100%| E|CS|TAMS 0x000000008c200000, 0x000000008c200000| Complete 
| 195|0x000000008c300000, 0x000000008c400000, 0x000000008c400000|100%| E|CS|TAMS 0x000000008c300000, 0x000000008c300000| Complete 
| 196|0x000000008c400000, 0x000000008c500000, 0x000000008c500000|100%| E|CS|TAMS 0x000000008c400000, 0x000000008c400000| Complete 
| 197|0x000000008c500000, 0x000000008c600000, 0x000000008c600000|100%| E|CS|TAMS 0x000000008c500000, 0x000000008c500000| Complete 
| 198|0x000000008c600000, 0x000000008c700000, 0x000000008c700000|100%| E|CS|TAMS 0x000000008c600000, 0x000000008c600000| Complete 
| 199|0x000000008c700000, 0x000000008c800000, 0x000000008c800000|100%| E|CS|TAMS 0x000000008c700000, 0x000000008c700000| Complete 
| 200|0x000000008c800000, 0x000000008c900000, 0x000000008c900000|100%| E|CS|TAMS 0x000000008c800000, 0x000000008c800000| Complete 
| 201|0x000000008c900000, 0x000000008ca00000, 0x000000008ca00000|100%| E|CS|TAMS 0x000000008c900000, 0x000000008c900000| Complete 
| 202|0x000000008ca00000, 0x000000008cb00000, 0x000000008cb00000|100%| E|CS|TAMS 0x000000008ca00000, 0x000000008ca00000| Complete 
| 203|0x000000008cb00000, 0x000000008cc00000, 0x000000008cc00000|100%| E|CS|TAMS 0x000000008cb00000, 0x000000008cb00000| Complete 
| 204|0x000000008cc00000, 0x000000008cd00000, 0x000000008cd00000|100%| E|CS|TAMS 0x000000008cc00000, 0x000000008cc00000| Complete 
| 205|0x000000008cd00000, 0x000000008ce00000, 0x000000008ce00000|100%| E|CS|TAMS 0x000000008cd00000, 0x000000008cd00000| Complete 
| 206|0x000000008ce00000, 0x000000008cf00000, 0x000000008cf00000|100%| E|CS|TAMS 0x000000008ce00000, 0x000000008ce00000| Complete 
| 207|0x000000008cf00000, 0x000000008d000000, 0x000000008d000000|100%| E|CS|TAMS 0x000000008cf00000, 0x000000008cf00000| Complete 
| 208|0x000000008d000000, 0x000000008d100000, 0x000000008d100000|100%| E|CS|TAMS 0x000000008d000000, 0x000000008d000000| Complete 
| 209|0x000000008d100000, 0x000000008d200000, 0x000000008d200000|100%| E|CS|TAMS 0x000000008d100000, 0x000000008d100000| Complete 
| 210|0x000000008d200000, 0x000000008d300000, 0x000000008d300000|100%| E|CS|TAMS 0x000000008d200000, 0x000000008d200000| Complete 
| 211|0x000000008d300000, 0x000000008d400000, 0x000000008d400000|100%| E|CS|TAMS 0x000000008d300000, 0x000000008d300000| Complete 
| 212|0x000000008d400000, 0x000000008d500000, 0x000000008d500000|100%| E|CS|TAMS 0x000000008d400000, 0x000000008d400000| Complete 
| 213|0x000000008d500000, 0x000000008d600000, 0x000000008d600000|100%| E|CS|TAMS 0x000000008d500000, 0x000000008d500000| Complete 
| 214|0x000000008d600000, 0x000000008d700000, 0x000000008d700000|100%| E|  |TAMS 0x000000008d600000, 0x000000008d600000| Complete 
| 215|0x000000008d700000, 0x000000008d800000, 0x000000008d800000|100%| E|CS|TAMS 0x000000008d700000, 0x000000008d700000| Complete 
| 216|0x000000008d800000, 0x000000008d900000, 0x000000008d900000|100%| E|CS|TAMS 0x000000008d800000, 0x000000008d800000| Complete 
| 217|0x000000008d900000, 0x000000008da00000, 0x000000008da00000|100%| E|CS|TAMS 0x000000008d900000, 0x000000008d900000| Complete 
| 218|0x000000008da00000, 0x000000008db00000, 0x000000008db00000|100%| E|CS|TAMS 0x000000008da00000, 0x000000008da00000| Complete 
| 219|0x000000008db00000, 0x000000008dc00000, 0x000000008dc00000|100%| E|CS|TAMS 0x000000008db00000, 0x000000008db00000| Complete 
| 220|0x000000008dc00000, 0x000000008dd00000, 0x000000008dd00000|100%| E|CS|TAMS 0x000000008dc00000, 0x000000008dc00000| Complete 
| 221|0x000000008dd00000, 0x000000008de00000, 0x000000008de00000|100%| E|CS|TAMS 0x000000008dd00000, 0x000000008dd00000| Complete 
| 222|0x000000008de00000, 0x000000008df00000, 0x000000008df00000|100%| E|CS|TAMS 0x000000008de00000, 0x000000008de00000| Complete 
| 223|0x000000008df00000, 0x000000008e000000, 0x000000008e000000|100%| E|CS|TAMS 0x000000008df00000, 0x000000008df00000| Complete 
| 224|0x000000008e000000, 0x000000008e100000, 0x000000008e100000|100%| E|CS|TAMS 0x000000008e000000, 0x000000008e000000| Complete 
| 225|0x000000008e100000, 0x000000008e200000, 0x000000008e200000|100%| E|CS|TAMS 0x000000008e100000, 0x000000008e100000| Complete 
| 226|0x000000008e200000, 0x000000008e300000, 0x000000008e300000|100%| E|CS|TAMS 0x000000008e200000, 0x000000008e200000| Complete 
| 227|0x000000008e300000, 0x000000008e400000, 0x000000008e400000|100%| E|CS|TAMS 0x000000008e300000, 0x000000008e300000| Complete 
| 228|0x000000008e400000, 0x000000008e500000, 0x000000008e500000|100%| E|CS|TAMS 0x000000008e400000, 0x000000008e400000| Complete 
| 229|0x000000008e500000, 0x000000008e600000, 0x000000008e600000|100%| E|CS|TAMS 0x000000008e500000, 0x000000008e500000| Complete 
| 230|0x000000008e600000, 0x000000008e700000, 0x000000008e700000|100%| E|CS|TAMS 0x000000008e600000, 0x000000008e600000| Complete 
| 231|0x000000008e700000, 0x000000008e800000, 0x000000008e800000|100%| E|CS|TAMS 0x000000008e700000, 0x000000008e700000| Complete 
| 232|0x000000008e800000, 0x000000008e900000, 0x000000008e900000|100%| E|CS|TAMS 0x000000008e800000, 0x000000008e800000| Complete 
| 233|0x000000008e900000, 0x000000008ea00000, 0x000000008ea00000|100%| E|CS|TAMS 0x000000008e900000, 0x000000008e900000| Complete 
| 234|0x000000008ea00000, 0x000000008eb00000, 0x000000008eb00000|100%| E|CS|TAMS 0x000000008ea00000, 0x000000008ea00000| Complete 
| 235|0x000000008eb00000, 0x000000008ec00000, 0x000000008ec00000|100%| E|CS|TAMS 0x000000008eb00000, 0x000000008eb00000| Complete 
| 236|0x000000008ec00000, 0x000000008ed00000, 0x000000008ed00000|100%| E|CS|TAMS 0x000000008ec00000, 0x000000008ec00000| Complete 
| 237|0x000000008ed00000, 0x000000008ee00000, 0x000000008ee00000|100%| E|CS|TAMS 0x000000008ed00000, 0x000000008ed00000| Complete 
| 238|0x000000008ee00000, 0x000000008ef00000, 0x000000008ef00000|100%| E|CS|TAMS 0x000000008ee00000, 0x000000008ee00000| Complete 
| 239|0x000000008ef00000, 0x000000008f000000, 0x000000008f000000|100%| E|CS|TAMS 0x000000008ef00000, 0x000000008ef00000| Complete 
| 240|0x000000008f000000, 0x000000008f100000, 0x000000008f100000|100%| E|CS|TAMS 0x000000008f000000, 0x000000008f000000| Complete 
| 241|0x000000008f100000, 0x000000008f200000, 0x000000008f200000|100%| E|CS|TAMS 0x000000008f100000, 0x000000008f100000| Complete 
| 242|0x000000008f200000, 0x000000008f300000, 0x000000008f300000|100%| E|CS|TAMS 0x000000008f200000, 0x000000008f200000| Complete 
| 243|0x000000008f300000, 0x000000008f400000, 0x000000008f400000|100%| E|CS|TAMS 0x000000008f300000, 0x000000008f300000| Complete 
| 244|0x000000008f400000, 0x000000008f500000, 0x000000008f500000|100%| E|CS|TAMS 0x000000008f400000, 0x000000008f400000| Complete 
| 245|0x000000008f500000, 0x000000008f600000, 0x000000008f600000|100%| E|CS|TAMS 0x000000008f500000, 0x000000008f500000| Complete 
| 246|0x000000008f600000, 0x000000008f700000, 0x000000008f700000|100%| E|CS|TAMS 0x000000008f600000, 0x000000008f600000| Complete 
| 247|0x000000008f700000, 0x000000008f800000, 0x000000008f800000|100%| E|CS|TAMS 0x000000008f700000, 0x000000008f700000| Complete 
| 248|0x000000008f800000, 0x000000008f900000, 0x000000008f900000|100%| E|CS|TAMS 0x000000008f800000, 0x000000008f800000| Complete 
| 249|0x000000008f900000, 0x000000008fa00000, 0x000000008fa00000|100%| E|CS|TAMS 0x000000008f900000, 0x000000008f900000| Complete 
| 250|0x000000008fa00000, 0x000000008fb00000, 0x000000008fb00000|100%| E|CS|TAMS 0x000000008fa00000, 0x000000008fa00000| Complete 
| 251|0x000000008fb00000, 0x000000008fc00000, 0x000000008fc00000|100%| E|CS|TAMS 0x000000008fb00000, 0x000000008fb00000| Complete 
| 252|0x000000008fc00000, 0x000000008fd00000, 0x000000008fd00000|100%| E|CS|TAMS 0x000000008fc00000, 0x000000008fc00000| Complete 
| 253|0x000000008fd00000, 0x000000008fe00000, 0x000000008fe00000|100%| E|CS|TAMS 0x000000008fd00000, 0x000000008fd00000| Complete 

Card table byte_map: [0x000001b8e8a60000,0x000001b8e8e60000] _byte_map_base: 0x000001b8e8660000

Marking Bits (Prev, Next): (CMBitMap*) 0x000001b8d4ee0e08, (CMBitMap*) 0x000001b8d4ee0e40
 Prev Bits: [0x000001b8e9260000, 0x000001b8eb260000)
 Next Bits: [0x000001b8eb260000, 0x000001b8ed260000)

Polling page: 0x000001b8d36c0000

Metaspace:

Usage:
  Non-class:     36.43 MB capacity,    35.85 MB ( 98%) used,   498.15 KB (  1%) free+waste,    99.25 KB ( <1%) overhead. 
      Class:      5.60 MB capacity,     5.24 MB ( 94%) used,   321.77 KB (  6%) free+waste,    47.44 KB ( <1%) overhead. 
       Both:     42.02 MB capacity,    41.08 MB ( 98%) used,   819.92 KB (  2%) free+waste,   146.69 KB ( <1%) overhead. 

Virtual space:
  Non-class space:       38.00 MB reserved,      36.58 MB ( 96%) committed 
      Class space:        1.00 GB reserved,       5.63 MB ( <1%) committed 
             Both:        1.04 GB reserved,      42.20 MB (  4%) committed 

Chunk freelists:
   Non-Class:  25.00 KB
       Class:  30.00 KB
        Both:  55.00 KB

MaxMetaspaceSize: 17179869184.00 GB
CompressedClassSpaceSize: 1.00 GB
Initial GC threshold: 20.80 MB
Current GC threshold: 58.88 MB
CDS: off

CodeHeap 'non-profiled nmethods': size=120000Kb used=2275Kb max_used=2275Kb free=117724Kb
 bounds [0x000001b8e04a0000, 0x000001b8e0710000, 0x000001b8e79d0000]
CodeHeap 'profiled nmethods': size=120000Kb used=7800Kb max_used=7800Kb free=112200Kb
 bounds [0x000001b8d8f70000, 0x000001b8d9710000, 0x000001b8e04a0000]
CodeHeap 'non-nmethods': size=5760Kb used=2273Kb max_used=2315Kb free=3486Kb
 bounds [0x000001b8d89d0000, 0x000001b8d8c40000, 0x000001b8d8f70000]
 total_blobs=4420 nmethods=3654 adapters=678
 compilation: enabled
              stopped_count=0, restarted_count=0
 full_count=0

Compilation events (20 events):
Event: 5.498 Thread 0x000001b8f0851000 nmethod 3634 0x000001b8d9703f90 code [0x000001b8d9704160, 0x000001b8d9704488]
Event: 5.498 Thread 0x000001b8f0851000 3635       3       org.gradle.internal.logging.slf4j.OutputEventListenerBackedLoggerContext::getLevel (11 bytes)
Event: 5.498 Thread 0x000001b8f0851000 nmethod 3635 0x000001b8d9704610 code [0x000001b8d97047c0, 0x000001b8d97049d8]
Event: 5.526 Thread 0x000001b8f0851000 3637       3       jdk.internal.reflect.ClassFileAssembler::setStack (25 bytes)
Event: 5.526 Thread 0x000001b8f0851000 nmethod 3637 0x000001b8d9704a90 code [0x000001b8d9704c40, 0x000001b8d9704d78]
Event: 5.526 Thread 0x000001b8f0851000 3636       3       jdk.internal.reflect.AccessorGenerator::sub (5 bytes)
Event: 5.526 Thread 0x000001b8f0851000 nmethod 3636 0x000001b8d9704e10 code [0x000001b8d9704fc0, 0x000001b8d97050b8]
Event: 5.527 Thread 0x000001b8f0851000 3638       1       java.lang.reflect.Constructor::getSharedParameterTypes (5 bytes)
Event: 5.527 Thread 0x000001b8f0851000 nmethod 3638 0x000001b8e06c7190 code [0x000001b8e06c7340, 0x000001b8e06c73f8]
Event: 5.528 Thread 0x000001b8f0851000 3639       3       jdk.internal.reflect.ClassFileAssembler::emitConstantPoolMethodref (28 bytes)
Event: 5.541 Thread 0x000001b8f0851000 nmethod 3639 0x000001b8d9705190 code [0x000001b8d97053e0, 0x000001b8d9705a68]
Event: 5.545 Thread 0x000001b8f0851000 3641       3       jdk.internal.reflect.ClassFileAssembler::emitConstantPoolNameAndType (28 bytes)
Event: 5.546 Thread 0x000001b8f0851000 nmethod 3641 0x000001b8d9705e10 code [0x000001b8d9706060, 0x000001b8d97066e8]
Event: 5.546 Thread 0x000001b8f0851000 3642       3       org.gradle.internal.service.DefaultServiceRegistry$OwnServices::getAll (46 bytes)
Event: 5.572 Thread 0x000001b8f0851000 nmethod 3642 0x000001b8d9706a90 code [0x000001b8d9706cc0, 0x000001b8d9707568]
Event: 6.616 Thread 0x000001b8f0851000 3643       1       java.util.ArrayList$ArrayListSpliterator::characteristics (4 bytes)
Event: 6.616 Thread 0x000001b8f0851000 nmethod 3643 0x000001b8e06c7490 code [0x000001b8e06c7640, 0x000001b8e06c76f8]
Event: 6.616 Thread 0x000001b8f0851000 3644       3       jdk.internal.reflect.ClassFileAssembler::emitConstantPoolClass (23 bytes)
Event: 6.616 Thread 0x000001b8f0851000 nmethod 3644 0x000001b8d9707810 code [0x000001b8d9707a20, 0x000001b8d9707e68]
Event: 7.589 Thread 0x000001b8f0851000 3646   !   3       java.util.concurrent.locks.AbstractQueuedSynchronizer::acquireQueued (74 bytes)

GC Heap History (8 events):
Event: 0.561 GC heap before
{Heap before GC invocations=0 (full 0):
 garbage-first heap   total 260096K, used 29696K [0x0000000080000000, 0x0000000100000000)
  region size 1024K, 24 young (24576K), 0 survivors (0K)
 Metaspace       used 10170K, capacity 10391K, committed 10624K, reserved 1058816K
  class space    used 1045K, capacity 1106K, committed 1152K, reserved 1048576K
}
Event: 0.564 GC heap after
{Heap after GC invocations=1 (full 0):
 garbage-first heap   total 260096K, used 9157K [0x0000000080000000, 0x0000000100000000)
  region size 1024K, 3 young (3072K), 3 survivors (3072K)
 Metaspace       used 10170K, capacity 10391K, committed 10624K, reserved 1058816K
  class space    used 1045K, capacity 1106K, committed 1152K, reserved 1048576K
}
Event: 1.789 GC heap before
{Heap before GC invocations=1 (full 0):
 garbage-first heap   total 260096K, used 112581K [0x0000000080000000, 0x0000000100000000)
  region size 1024K, 105 young (107520K), 3 survivors (3072K)
 Metaspace       used 20749K, capacity 21187K, committed 21296K, reserved 1069056K
  class space    used 2524K, capacity 2686K, committed 2688K, reserved 1048576K
}
Event: 1.797 GC heap after
{Heap after GC invocations=2 (full 0):
 garbage-first heap   total 260096K, used 17012K [0x0000000080000000, 0x0000000100000000)
  region size 1024K, 11 young (11264K), 11 survivors (11264K)
 Metaspace       used 20749K, capacity 21187K, committed 21296K, reserved 1069056K
  class space    used 2524K, capacity 2686K, committed 2688K, reserved 1048576K
}
Event: 1.947 GC heap before
{Heap before GC invocations=3 (full 0):
 garbage-first heap   total 260096K, used 39540K [0x0000000080000000, 0x0000000100000000)
  region size 1024K, 33 young (33792K), 11 survivors (11264K)
 Metaspace       used 22647K, capacity 23264K, committed 23472K, reserved 1069056K
  class space    used 2867K, capacity 3066K, committed 3072K, reserved 1048576K
}
Event: 1.952 GC heap after
{Heap after GC invocations=4 (full 0):
 garbage-first heap   total 260096K, used 17630K [0x0000000080000000, 0x0000000100000000)
  region size 1024K, 2 young (2048K), 2 survivors (2048K)
 Metaspace       used 22647K, capacity 23264K, committed 23472K, reserved 1069056K
  class space    used 2867K, capacity 3066K, committed 3072K, reserved 1048576K
}
Event: 3.081 GC heap before
{Heap before GC invocations=4 (full 0):
 garbage-first heap   total 260096K, used 110814K [0x0000000080000000, 0x0000000100000000)
  region size 1024K, 94 young (96256K), 2 survivors (2048K)
 Metaspace       used 35010K, capacity 35751K, committed 35920K, reserved 1081344K
  class space    used 4492K, capacity 4788K, committed 4864K, reserved 1048576K
}
Event: 3.087 GC heap after
{Heap after GC invocations=5 (full 0):
 garbage-first heap   total 260096K, used 22097K [0x0000000080000000, 0x0000000100000000)
  region size 1024K, 6 young (6144K), 6 survivors (6144K)
 Metaspace       used 35010K, capacity 35751K, committed 35920K, reserved 1081344K
  class space    used 4492K, capacity 4788K, committed 4864K, reserved 1048576K
}

Deoptimization events (20 events):
Event: 5.029 Thread 0x000001b8f2370800 DEOPT PACKING pc=0x000001b8e0646034 sp=0x000000451c3fea10
Event: 5.029 Thread 0x000001b8f2370800 DEOPT UNPACKING pc=0x000001b8d8a1a1af sp=0x000000451c3fe9b0 mode 2
Event: 5.481 Thread 0x000001b8f401e800 Uncommon trap: trap_request=0xffffffde fr.pc=0x000001b8e06625ec relative=0x000000000000318c
Event: 5.481 Thread 0x000001b8f401e800 Uncommon trap: reason=class_check action=maybe_recompile pc=0x000001b8e06625ec method=java.util.regex.Pattern$CharProperty.study(Ljava/util/regex/Pattern$TreeInfo;)Z @ 25 c2
Event: 5.481 Thread 0x000001b8f401e800 DEOPT PACKING pc=0x000001b8e06625ec sp=0x000000451c7fa640
Event: 5.481 Thread 0x000001b8f401e800 DEOPT UNPACKING pc=0x000001b8d8a1a1af sp=0x000000451c7fa538 mode 2
Event: 5.481 Thread 0x000001b8f401e800 Uncommon trap: trap_request=0xffffffde fr.pc=0x000001b8e06625ec relative=0x000000000000318c
Event: 5.481 Thread 0x000001b8f401e800 Uncommon trap: reason=class_check action=maybe_recompile pc=0x000001b8e06625ec method=java.util.regex.Pattern$CharProperty.study(Ljava/util/regex/Pattern$TreeInfo;)Z @ 25 c2
Event: 5.481 Thread 0x000001b8f401e800 DEOPT PACKING pc=0x000001b8e06625ec sp=0x000000451c7fa640
Event: 5.481 Thread 0x000001b8f401e800 DEOPT UNPACKING pc=0x000001b8d8a1a1af sp=0x000000451c7fa538 mode 2
Event: 5.482 Thread 0x000001b8f401e800 Uncommon trap: trap_request=0xffffffde fr.pc=0x000001b8e06625ec relative=0x000000000000318c
Event: 5.482 Thread 0x000001b8f401e800 Uncommon trap: reason=class_check action=maybe_recompile pc=0x000001b8e06625ec method=java.util.regex.Pattern$CharProperty.study(Ljava/util/regex/Pattern$TreeInfo;)Z @ 25 c2
Event: 5.482 Thread 0x000001b8f401e800 DEOPT PACKING pc=0x000001b8e06625ec sp=0x000000451c7fa640
Event: 5.482 Thread 0x000001b8f401e800 DEOPT UNPACKING pc=0x000001b8d8a1a1af sp=0x000000451c7fa538 mode 2
Event: 5.483 Thread 0x000001b8f401e800 DEOPT PACKING pc=0x000001b8d902f79b sp=0x000000451c7fa320
Event: 5.483 Thread 0x000001b8f401e800 DEOPT UNPACKING pc=0x000001b8d8a1a95e sp=0x000000451c7f9860 mode 0
Event: 6.024 Thread 0x000001b8f2370800 Uncommon trap: trap_request=0xffffffbe fr.pc=0x000001b8e0646034 relative=0x0000000000000534
Event: 6.615 Thread 0x000001b8f2370800 Uncommon trap: reason=profile_predicate action=maybe_recompile pc=0x000001b8e0646034 method=java.util.stream.ReferencePipeline.forEachWithCancel(Ljava/util/Spliterator;Ljava/util/stream/Sink;)Z @ 8 c2
Event: 6.615 Thread 0x000001b8f2370800 DEOPT PACKING pc=0x000001b8e0646034 sp=0x000000451c3fea10
Event: 6.615 Thread 0x000001b8f2370800 DEOPT UNPACKING pc=0x000001b8d8a1a1af sp=0x000000451c3fe9b0 mode 2

Classes redefined (0 events):
No events

Internal exceptions (20 events):
Event: 4.781 Thread 0x000001b8f401e800 Exception <a 'java/lang/ClassNotFoundException'{0x000000008c1afed8}: org/gradle/internal/management/DefaultDependencyResolutionManagementCustomizer> (0x000000008c1afed8) thrown at [./src/hotspot/share/classfile/systemDictionary.cpp, line 231]
Event: 4.783 Thread 0x000001b8f401e800 Exception <a 'java/lang/ClassNotFoundException'{0x000000008c1ff8b0}: org/gradle/internal/management/DefaultDependencyResolutionManagement_DecoratedCustomizer> (0x000000008c1ff8b0) thrown at [./src/hotspot/share/classfile/systemDictionary.cpp, line 231]
Event: 4.814 Thread 0x000001b8f401e800 Exception <a 'java/lang/ClassNotFoundException'{0x000000008c08d1b8}: org/gradle/api/initialization/resolve/RepositoriesModeBeanInfo> (0x000000008c08d1b8) thrown at [./src/hotspot/share/classfile/systemDictionary.cpp, line 231]
Event: 4.814 Thread 0x000001b8f401e800 Exception <a 'java/lang/ClassNotFoundException'{0x000000008c092080}: java/lang/EnumBeanInfo> (0x000000008c092080) thrown at [./src/hotspot/share/classfile/systemDictionary.cpp, line 231]
Event: 4.814 Thread 0x000001b8f401e800 Exception <a 'java/lang/ClassNotFoundException'{0x000000008c096f68}: java/lang/EnumCustomizer> (0x000000008c096f68) thrown at [./src/hotspot/share/classfile/systemDictionary.cpp, line 231]
Event: 4.815 Thread 0x000001b8f401e800 Exception <a 'java/lang/ClassNotFoundException'{0x000000008c0c5d88}: org/gradle/api/initialization/resolve/RepositoriesModeCustomizer> (0x000000008c0c5d88) thrown at [./src/hotspot/share/classfile/systemDictionary.cpp, line 231]
Event: 4.820 Thread 0x000001b8f401e800 Exception <a 'java/lang/ClassNotFoundException'{0x000000008bf52418}: org/gradle/api/internal/provider/DefaultPropertyBeanInfo> (0x000000008bf52418) thrown at [./src/hotspot/share/classfile/systemDictionary.cpp, line 231]
Event: 4.821 Thread 0x000001b8f401e800 Exception <a 'java/lang/ClassNotFoundException'{0x000000008bf78b30}: org/gradle/api/internal/provider/AbstractPropertyBeanInfo> (0x000000008bf78b30) thrown at [./src/hotspot/share/classfile/systemDictionary.cpp, line 231]
Event: 4.821 Thread 0x000001b8f401e800 Exception <a 'java/lang/ClassNotFoundException'{0x000000008bfa2178}: org/gradle/api/internal/provider/AbstractMinimalProviderBeanInfo> (0x000000008bfa2178) thrown at [./src/hotspot/share/classfile/systemDictionary.cpp, line 231]
Event: 4.822 Thread 0x000001b8f401e800 Exception <a 'java/lang/ClassNotFoundException'{0x000000008bfcb590}: org/gradle/api/internal/provider/AbstractMinimalProviderCustomizer> (0x000000008bfcb590) thrown at [./src/hotspot/share/classfile/systemDictionary.cpp, line 231]
Event: 4.824 Thread 0x000001b8f401e800 Exception <a 'java/lang/ClassNotFoundException'{0x000000008be2d048}: org/gradle/api/internal/provider/AbstractPropertyCustomizer> (0x000000008be2d048) thrown at [./src/hotspot/share/classfile/systemDictionary.cpp, line 231]
Event: 4.825 Thread 0x000001b8f401e800 Exception <a 'java/lang/ClassNotFoundException'{0x000000008be5fe58}: org/gradle/api/internal/provider/DefaultPropertyCustomizer> (0x000000008be5fe58) thrown at [./src/hotspot/share/classfile/systemDictionary.cpp, line 231]
Event: 4.891 Thread 0x000001b8f401e800 Exception <a 'java/lang/ClassNotFoundException'{0x000000008bc56880}: org/gradle/initialization/DefaultProjectDescriptorBeanInfo> (0x000000008bc56880) thrown at [./src/hotspot/share/classfile/systemDictionary.cpp, line 231]
Event: 4.892 Thread 0x000001b8f401e800 Exception <a 'java/lang/ClassNotFoundException'{0x000000008bc7cdc0}: org/gradle/initialization/DefaultProjectDescriptorCustomizer> (0x000000008bc7cdc0) thrown at [./src/hotspot/share/classfile/systemDictionary.cpp, line 231]
Event: 4.893 Thread 0x000001b8f401e800 Implicit null exception at 0x000001b8e060e76f to 0x000001b8e060e818
Event: 5.527 Thread 0x000001b8f30a9000 Exception <a 'java/lang/NoSuchMethodError'{0x000000008fd8f798}: <clinit>> (0x000000008fd8f798) thrown at [./src/hotspot/share/prims/jni.cpp, line 1366]
Event: 5.527 Thread 0x000001b8f30a9000 Exception <a 'java/lang/NoSuchMethodError'{0x000000008fd90e88}: <clinit>> (0x000000008fd90e88) thrown at [./src/hotspot/share/prims/jni.cpp, line 1366]
Event: 5.541 Thread 0x000001b8f30a9000 Exception <a 'java/lang/NoSuchMethodError'{0x000000008b00bf70}: <clinit>> (0x000000008b00bf70) thrown at [./src/hotspot/share/prims/jni.cpp, line 1366]
Event: 5.541 Thread 0x000001b8f30a9000 Exception <a 'java/lang/NoSuchMethodError'{0x000000008b00e2f8}: <clinit>> (0x000000008b00e2f8) thrown at [./src/hotspot/share/prims/jni.cpp, line 1366]
Event: 6.615 Thread 0x000001b8f30a9000 Exception <a 'java/lang/NoSuchMethodError'{0x000000008b01df88}: <clinit>> (0x000000008b01df88) thrown at [./src/hotspot/share/prims/jni.cpp, line 1366]

Events (20 events):
Event: 5.527 loading class java/io/ObjectStreamClass$5
Event: 5.527 loading class java/io/ObjectStreamClass$5 done
Event: 5.527 loading class java/io/ObjectStreamClass$ClassDataSlot
Event: 5.527 loading class java/io/ObjectStreamClass$ClassDataSlot done
Event: 5.541 loading class org/gradle/model/internal/manage/schema/extract/InvalidManagedModelElementTypeException
Event: 5.541 loading class org/gradle/model/internal/manage/schema/extract/InvalidManagedModelElementTypeException done
Event: 5.541 loading class jdk/internal/reflect/UnsafeQualifiedStaticLongFieldAccessorImpl
Event: 5.544 loading class jdk/internal/reflect/UnsafeQualifiedStaticLongFieldAccessorImpl done
Event: 5.544 loading class org/gradle/model/internal/manage/schema/extract/ModelSchemaAspect
Event: 5.544 loading class org/gradle/model/internal/manage/schema/extract/ModelSchemaAspect done
Event: 5.546 loading class org/gradle/model/internal/manage/schema/extract/DefaultModelSchemaExtractor
Event: 5.546 loading class org/gradle/model/internal/manage/schema/extract/DefaultModelSchemaExtractor done
Event: 6.616 loading class org/gradle/model/internal/manage/schema/extract/ModelSchemaExtractionContext
Event: 6.616 loading class org/gradle/model/internal/manage/schema/extract/ModelSchemaExtractionContext done
Event: 6.616 loading class org/gradle/model/internal/manage/schema/extract/PrimitiveStrategy
Event: 6.616 loading class org/gradle/model/internal/manage/schema/extract/PrimitiveStrategy done
Event: 6.617 loading class java/io/SerialCallbackContext
Event: 6.617 loading class java/io/SerialCallbackContext done
Event: 8.623 loading class org/gradle/model/internal/manage/schema/ModelSchema
Event: 8.623 loading class org/gradle/model/internal/manage/schema/ModelSchema done


Dynamic libraries:
0x00007ff7a3540000 - 0x00007ff7a354a000 	C:\Program Files\Android\Android Studio1\jre\bin\java.exe
0x00007ffafc790000 - 0x00007ffafc988000 	C:\WINDOWS\SYSTEM32\ntdll.dll
0x00007ffafa7d0000 - 0x00007ffafa88f000 	C:\WINDOWS\System32\KERNEL32.DLL
0x00007ffafa220000 - 0x00007ffafa4f2000 	C:\WINDOWS\System32\KERNELBASE.dll
0x00007ffafa120000 - 0x00007ffafa220000 	C:\WINDOWS\System32\ucrtbase.dll
0x00007ffacc1d0000 - 0x00007ffacc1e7000 	C:\Program Files\Android\Android Studio1\jre\bin\VCRUNTIME140.dll
0x00007ffac4d90000 - 0x00007ffac4da9000 	C:\Program Files\Android\Android Studio1\jre\bin\jli.dll
0x00007ffafb540000 - 0x00007ffafb6e1000 	C:\WINDOWS\System32\USER32.dll
0x00007ffadbed0000 - 0x00007ffadc16a000 	C:\WINDOWS\WinSxS\amd64_microsoft.windows.common-controls_6595b64144ccf1df_6.0.19041.1110_none_60b5254171f9507e\COMCTL32.dll
0x00007ffafa6e0000 - 0x00007ffafa702000 	C:\WINDOWS\System32\win32u.dll
0x00007ffafab60000 - 0x00007ffafabfe000 	C:\WINDOWS\System32\msvcrt.dll
0x00007ffafc690000 - 0x00007ffafc6bb000 	C:\WINDOWS\System32\GDI32.dll
0x00007ffaf9eb0000 - 0x00007ffaf9fbf000 	C:\WINDOWS\System32\gdi32full.dll
0x00007ffafa500000 - 0x00007ffafa59d000 	C:\WINDOWS\System32\msvcp_win.dll
0x00007ffafc2d0000 - 0x00007ffafc302000 	C:\WINDOWS\System32\IMM32.DLL
0x00007ffa59990000 - 0x00007ffa59a2d000 	C:\Program Files\Android\Android Studio1\jre\bin\msvcp140.dll
0x00007ffa3dc40000 - 0x00007ffa3e742000 	C:\Program Files\Android\Android Studio1\jre\bin\server\jvm.dll
0x00007ffafc5e0000 - 0x00007ffafc68e000 	C:\WINDOWS\System32\ADVAPI32.dll
0x00007ffafae50000 - 0x00007ffafaeec000 	C:\WINDOWS\System32\sechost.dll
0x00007ffafb410000 - 0x00007ffafb535000 	C:\WINDOWS\System32\RPCRT4.dll
0x00007ffafac00000 - 0x00007ffafac08000 	C:\WINDOWS\System32\PSAPI.DLL
0x00007ffae4af0000 - 0x00007ffae4b17000 	C:\WINDOWS\SYSTEM32\WINMM.dll
0x00007ffaef0d0000 - 0x00007ffaef0da000 	C:\WINDOWS\SYSTEM32\VERSION.dll
0x00007ffad6380000 - 0x00007ffad6389000 	C:\WINDOWS\SYSTEM32\WSOCK32.dll
0x00007ffafaef0000 - 0x00007ffafaf5b000 	C:\WINDOWS\System32\WS2_32.dll
0x00007ffaf7d00000 - 0x00007ffaf7d12000 	C:\WINDOWS\SYSTEM32\kernel.appcore.dll
0x00007ffaf2820000 - 0x00007ffaf2831000 	C:\Program Files\Android\Android Studio1\jre\bin\verify.dll
0x00007ffaf75c0000 - 0x00007ffaf77a4000 	C:\WINDOWS\SYSTEM32\DBGHELP.DLL
0x00007ffade1b0000 - 0x00007ffade1e5000 	C:\WINDOWS\SYSTEM32\dbgcore.DLL
0x00007ffafa650000 - 0x00007ffafa6d2000 	C:\WINDOWS\System32\bcryptPrimitives.dll
0x00007ffac9030000 - 0x00007ffac9059000 	C:\Program Files\Android\Android Studio1\jre\bin\java.dll
0x00007ffaf2810000 - 0x00007ffaf281b000 	C:\Program Files\Android\Android Studio1\jre\bin\jimage.dll
0x00007ffac90d0000 - 0x00007ffac90e8000 	C:\Program Files\Android\Android Studio1\jre\bin\zip.dll
0x00007ffafbb60000 - 0x00007ffafc2a4000 	C:\WINDOWS\System32\SHELL32.dll
0x00007ffaf7f20000 - 0x00007ffaf86b2000 	C:\WINDOWS\SYSTEM32\windows.storage.dll
0x00007ffafafe0000 - 0x00007ffafb335000 	C:\WINDOWS\System32\combase.dll
0x00007ffaf98e0000 - 0x00007ffaf9910000 	C:\WINDOWS\SYSTEM32\Wldp.dll
0x00007ffafa8a0000 - 0x00007ffafa94d000 	C:\WINDOWS\System32\SHCORE.dll
0x00007ffafc310000 - 0x00007ffafc365000 	C:\WINDOWS\System32\shlwapi.dll
0x00007ffaf9dc0000 - 0x00007ffaf9ddf000 	C:\WINDOWS\SYSTEM32\profapi.dll
0x00007ffac5860000 - 0x00007ffac587a000 	C:\Program Files\Android\Android Studio1\jre\bin\net.dll
0x00007ffaf0f30000 - 0x00007ffaf103c000 	C:\WINDOWS\SYSTEM32\WINHTTP.dll
0x00007ffaf9640000 - 0x00007ffaf96aa000 	C:\WINDOWS\system32\mswsock.dll
0x00007ffac5360000 - 0x00007ffac5374000 	C:\Program Files\Android\Android Studio1\jre\bin\nio.dll
0x00007ffacc310000 - 0x00007ffacc337000 	C:\Users\arthu\.gradle\native\e1d6ef7f7dcc3fd88c89a11ec53ec762bb8ba0a96d01ffa2cd45eb1d1d8dd5c5\windows-amd64\native-platform.dll
0x00007ffa55180000 - 0x00007ffa552c4000 	C:\Users\arthu\.gradle\native\0d407fdbe67a94daf76414ababcb853783967236a71b16ec16e742cd7a986fd3\windows-amd64\native-platform-file-events.dll
0x00007ffaf0810000 - 0x00007ffaf081a000 	C:\Program Files\Android\Android Studio1\jre\bin\management.dll
0x00007ffac9020000 - 0x00007ffac902d000 	C:\Program Files\Android\Android Studio1\jre\bin\management_ext.dll
0x00007ffaf9830000 - 0x00007ffaf9848000 	C:\WINDOWS\SYSTEM32\CRYPTSP.dll
0x00007ffaf8ef0000 - 0x00007ffaf8f24000 	C:\WINDOWS\system32\rsaenh.dll
0x00007ffaf9e80000 - 0x00007ffaf9ea7000 	C:\WINDOWS\System32\bcrypt.dll
0x00007ffaf9d40000 - 0x00007ffaf9d6e000 	C:\WINDOWS\SYSTEM32\USERENV.dll
0x00007ffaf9850000 - 0x00007ffaf985c000 	C:\WINDOWS\SYSTEM32\CRYPTBASE.dll
0x00007ffaf92e0000 - 0x00007ffaf931b000 	C:\WINDOWS\SYSTEM32\IPHLPAPI.DLL
0x00007ffafa890000 - 0x00007ffafa898000 	C:\WINDOWS\System32\NSI.dll
0x00007ffaed4d0000 - 0x00007ffaed4e7000 	C:\WINDOWS\SYSTEM32\dhcpcsvc6.DLL
0x00007ffaef000000 - 0x00007ffaef01d000 	C:\WINDOWS\SYSTEM32\dhcpcsvc.DLL
0x00007ffaf9330000 - 0x00007ffaf93fa000 	C:\WINDOWS\SYSTEM32\DNSAPI.dll

dbghelp: loaded successfully - version: 4.0.5 - missing functions: none
symbol engine: initialized successfully - sym options: 0x614 - pdb path: .;C:\Program Files\Android\Android Studio1\jre\bin;C:\WINDOWS\SYSTEM32;C:\WINDOWS\WinSxS\amd64_microsoft.windows.common-controls_6595b64144ccf1df_6.0.19041.1110_none_60b5254171f9507e;C:\Program Files\Android\Android Studio1\jre\bin\server;C:\Users\arthu\.gradle\native\e1d6ef7f7dcc3fd88c89a11ec53ec762bb8ba0a96d01ffa2cd45eb1d1d8dd5c5\windows-amd64;C:\Users\arthu\.gradle\native\0d407fdbe67a94daf76414ababcb853783967236a71b16ec16e742cd7a986fd3\windows-amd64

VM Arguments:
jvm_args: --add-opens=java.base/java.util=ALL-UNNAMED --add-opens=java.base/java.lang=ALL-UNNAMED --add-opens=java.base/java.lang.invoke=ALL-UNNAMED --add-opens=java.base/java.util=ALL-UNNAMED --add-opens=java.prefs/java.util.prefs=ALL-UNNAMED --add-opens=java.prefs/java.util.prefs=ALL-UNNAMED --add-opens=java.base/java.nio.charset=ALL-UNNAMED --add-opens=java.base/java.net=ALL-UNNAMED --add-opens=java.base/java.util.concurrent.atomic=ALL-UNNAMED -Xmx2048m -Dfile.encoding=UTF-8 -Duser.country=FR -Duser.language=fr -Duser.variant 
java_command: org.gradle.launcher.daemon.bootstrap.GradleDaemon 7.4
java_class_path (initial): C:\Users\arthu\.gradle\wrapper\dists\gradle-7.4-bin\c0gwcg53nkjbqw7r0h0umtfvt\gradle-7.4\lib\gradle-launcher-7.4.jar
Launcher Type: SUN_STANDARD

[Global flags]
     intx CICompilerCount                          = 4                                         {product} {ergonomic}
     uint ConcGCThreads                            = 3                                         {product} {ergonomic}
     uint G1ConcRefinementThreads                  = 10                                        {product} {ergonomic}
   size_t G1HeapRegionSize                         = 1048576                                   {product} {ergonomic}
    uintx GCDrainStackTargetSize                   = 64                                        {product} {ergonomic}
   size_t InitialHeapSize                          = 266338304                                 {product} {ergonomic}
   size_t MarkStackSize                            = 4194304                                   {product} {ergonomic}
   size_t MaxHeapSize                              = 2147483648                                {product} {command line}
   size_t MaxNewSize                               = 1287651328                                {product} {ergonomic}
   size_t MinHeapDeltaBytes                        = 1048576                                   {product} {ergonomic}
    uintx NonNMethodCodeHeapSize                   = 5836300                                {pd product} {ergonomic}
    uintx NonProfiledCodeHeapSize                  = 122910970                              {pd product} {ergonomic}
    uintx ProfiledCodeHeapSize                     = 122910970                              {pd product} {ergonomic}
    uintx ReservedCodeCacheSize                    = 251658240                              {pd product} {ergonomic}
     bool SegmentedCodeCache                       = true                                      {product} {ergonomic}
     bool UseCompressedClassPointers               = true                                 {lp64_product} {ergonomic}
     bool UseCompressedOops                        = true                                 {lp64_product} {ergonomic}
     bool UseG1GC                                  = true                                      {product} {ergonomic}
     bool UseLargePagesIndividualAllocation        = false                                  {pd product} {ergonomic}

Logging:
Log output configuration:
 #0: stdout all=warning uptime,level,tags
 #1: stderr all=off uptime,level,tags

Environment Variables:
PATH=C:\Program Files\Common Files\Oracle\Java\javapath;C:\Program Files (x86)\Common Files\Oracle\Java\javapath;C:\Windows\system32;C:\Windows;C:\Windows\System32\Wbem;C:\Windows\System32\WindowsPowerShell\v1.0\;C:\Windows\System32\OpenSSH\;C:\Program Files\NVIDIA Corporation\NVIDIA NvDLISR;C:\Program Files\Microsoft SQL Server\130\Tools\Binn\;C:\WINDOWS\system32;C:\WINDOWS;C:\WINDOWS\System32\Wbem;C:\WINDOWS\System32\WindowsPowerShell\v1.0\;C:\WINDOWS\System32\OpenSSH\;C:\Program Files\dotnet\;C:\Program Files (x86)\Windows Kits\8.1\Windows Performance Toolkit\;C:\Program Files (x86)\NVIDIA Corporation\PhysX\Common;C:\Program Files\MATLAB\R2021a\bin;C:\Program Files (x86)\PuTTY\;C:\Program Files\Microsoft SQL Server\150\Tools\Binn\;C:\sqlite3;C:\Program Files (x86)\IVI Foundation\VISA\WinNT\Bin\;C:\Program Files\IVI Foundation\VISA\Win64\Bin\;C:\Program Files (x86)\IVI Foundation\VISA\WinNT\Bin;C:\Users\arthu\AppData\Local\Microsoft\WindowsApps;C:\intelFPGA_lite\18.1\modelsim_ase\win32aloem;C:\Users\arthu\AppData\Local\atom\bin;C:\Users\arthu\AppData\Local\Programs\Microsoft VS Code\bin;C:\Users\arthu\AppData\Local\Microsoft\WindowsApps;C:\intelFPGA_lite\19.1\modelsim_ase\win32aloem
USERNAME=arthu
OS=Windows_NT
PROCESSOR_IDENTIFIER=Intel64 Family 6 Model 165 Stepping 2, GenuineIntel



---------------  S Y S T E M  ---------------

OS: Windows 10 , 64 bit Build 19041 (10.0.19041.2364)
OS uptime: 0 days 0:59 hours

CPU:total 12 (initial active 12) (6 cores per cpu, 2 threads per core) family 6 model 165 stepping 2 microcode 0xf0, cmov, cx8, fxsr, mmx, sse, sse2, sse3, ssse3, sse4.1, sse4.2, popcnt, avx, avx2, aes, clmul, erms, 3dnowpref, lzcnt, ht, tsc, tscinvbit, bmi1, bmi2, adx, fma

Memory: 4k page, system-wide physical 16145M (1224M free)
TotalPageFile size 23130M (AvailPageFile size 1099M)
current process WorkingSet (physical memory assigned to process): 290M, peak: 306M
current process commit charge ("private bytes"): 452M, peak: 470M

vm_info: OpenJDK 64-Bit Server VM (11.0.13+0-b1751.21-8125866) for windows-amd64 JRE (11.0.13+0-b1751.21-8125866), built on Feb  2 2022 03:00:22 by "builder" with MS VC++ 14.0 (VS2015)

END.
